#
# There is insufficient memory for the Java Runtime Environment to continue.
# Native memory allocation (malloc) failed to allocate 1656496 bytes for Chunk::new
# Possible reasons:
#   The system is out of physical RAM or swap space
#   The process is running with CompressedOops enabled, and the Java Heap may be blocking the growth of the native heap
# Possible solutions:
#   Reduce memory load on the system
#   Increase physical memory or swap space
#   Check if swap backing store is full
#   Decrease Java heap size (-Xmx/-Xms)
#   Decrease number of Java threads
#   Decrease Java thread stack sizes (-Xss)
#   Set larger code cache with -XX:ReservedCodeCacheSize=
#   JVM is running with Zero Based Compressed Oops mode in which the Java heap is
#     placed in the first 32GB address space. The Java Heap base address is the
#     maximum limit for the native heap growth. Please use -XX:HeapBaseMinAddress
#     to set the Java Heap base and to place the Java Heap above 32GB virtual address.
# This output file may be truncated or incomplete.
#
#  Out of Memory Error (arena.cpp:184), pid=28268, tid=15016
#
# JRE version: Java(TM) SE Runtime Environment (19.0+36) (build 19+36-2238)
# Java VM: Java HotSpot(TM) 64-Bit Server VM (19+36-2238, mixed mode, sharing, tiered, compressed oops, compressed class ptrs, g1 gc, windows-amd64)
# No core dump will be written. Minidumps are not enabled by default on client versions of Windows
#

---------------  S U M M A R Y ------------

Command Line: -javaagent:C:\Program Files\JetBrains\IntelliJ IDEA Educational Edition 2022.2.2\lib\idea_rt.jar=28557:C:\Program Files\JetBrains\IntelliJ IDEA Educational Edition 2022.2.2\bin -Dfile.encoding=UTF-8 -Dsun.stdout.encoding=UTF-8 -Dsun.stderr.encoding=UTF-8 com.mohit.expense_backend.ExpenseBackendApplication

Host: 11th Gen Intel(R) Core(TM) i5-11320H @ 3.20GHz, 8 cores, 15G,  Windows 11 , 64 bit Build 26100 (10.0.26100.4768)
Time: Wed Aug 20 20:34:37 2025 India Standard Time elapsed time: 5.475507 seconds (0d 0h 0m 5s)

---------------  T H R E A D  ---------------

Current thread (0x000001d1d0db0fd0):  JavaThread "C2 CompilerThread1" daemon [_thread_in_native, id=15016, stack(0x0000000d90200000,0x0000000d90300000)]


Current CompileTask:
C2:   5476 2220   !   4       jdk.internal.loader.BuiltinClassLoader::loadClassOrNull (143 bytes)

Stack: [0x0000000d90200000,0x0000000d90300000]
Native frames: (J=compiled Java code, j=interpreted, Vv=VM code, C=native code)
V  [jvm.dll+0x6ee8fa]
V  [jvm.dll+0x857a1e]
V  [jvm.dll+0x85940e]
V  [jvm.dll+0x859ac3]
V  [jvm.dll+0x28291f]
V  [jvm.dll+0xc9b5f]
V  [jvm.dll+0xc9ee5]
V  [jvm.dll+0x3bcb72]
V  [jvm.dll+0x386201]
V  [jvm.dll+0x38567a]
V  [jvm.dll+0x24c2c9]
V  [jvm.dll+0x24b671]
V  [jvm.dll+0x1d6d61]
V  [jvm.dll+0x25b0fa]
V  [jvm.dll+0x259588]
V  [jvm.dll+0x807928]
V  [jvm.dll+0x8015fa]
V  [jvm.dll+0x6ed5eb]
C  [ucrtbase.dll+0x37b0]
C  [KERNEL32.DLL+0x2e8d7]
C  [ntdll.dll+0x3c34c]


---------------  P R O C E S S  ---------------

Threads class SMR info:
_java_thread_list=0x000001d1d19cd440, length=16, elements={
0x000001d1a75c8220, 0x000001d1cc612320, 0x000001d1cc612c50, 0x000001d1cc6158f0,
0x000001d1cc616220, 0x000001d1cc616b50, 0x000001d1cc617480, 0x000001d1cc624070,
0x000001d1d0820090, 0x000001d1d0821a10, 0x000001d1cc5e7430, 0x000001d1d0bdb630,
0x000001d1d0bdbb70, 0x000001d1d0db0fd0, 0x000001d1d183dc80, 0x000001d1d1e11760
}

Java Threads: ( => current thread )
  0x000001d1a75c8220 JavaThread "main" [_thread_in_Java, id=21984, stack(0x0000000d8ee00000,0x0000000d8ef00000)]
  0x000001d1cc612320 JavaThread "Reference Handler" daemon [_thread_blocked, id=30600, stack(0x0000000d8f500000,0x0000000d8f600000)]
  0x000001d1cc612c50 JavaThread "Finalizer" daemon [_thread_blocked, id=6804, stack(0x0000000d8f600000,0x0000000d8f700000)]
  0x000001d1cc6158f0 JavaThread "Signal Dispatcher" daemon [_thread_blocked, id=12224, stack(0x0000000d8f700000,0x0000000d8f800000)]
  0x000001d1cc616220 JavaThread "Attach Listener" daemon [_thread_blocked, id=20816, stack(0x0000000d8f800000,0x0000000d8f900000)]
  0x000001d1cc616b50 JavaThread "Service Thread" daemon [_thread_blocked, id=15392, stack(0x0000000d8f900000,0x0000000d8fa00000)]
  0x000001d1cc617480 JavaThread "Monitor Deflation Thread" daemon [_thread_blocked, id=12672, stack(0x0000000d8fa00000,0x0000000d8fb00000)]
  0x000001d1cc624070 JavaThread "C2 CompilerThread0" daemon [_thread_in_native, id=3208, stack(0x0000000d8fb00000,0x0000000d8fc00000)]
  0x000001d1d0820090 JavaThread "C1 CompilerThread0" daemon [_thread_in_native, id=29192, stack(0x0000000d8fc00000,0x0000000d8fd00000)]
  0x000001d1d0821a10 JavaThread "Sweeper thread" daemon [_thread_blocked, id=8548, stack(0x0000000d8fd00000,0x0000000d8fe00000)]
  0x000001d1cc5e7430 JavaThread "Common-Cleaner" daemon [_thread_blocked, id=30104, stack(0x0000000d8fe00000,0x0000000d8ff00000)]
  0x000001d1d0bdb630 JavaThread "Monitor Ctrl-Break" daemon [_thread_in_native, id=3428, stack(0x0000000d8ff00000,0x0000000d90000000)]
  0x000001d1d0bdbb70 JavaThread "Notification Thread" daemon [_thread_blocked, id=18336, stack(0x0000000d90000000,0x0000000d90100000)]
=>0x000001d1d0db0fd0 JavaThread "C2 CompilerThread1" daemon [_thread_in_native, id=15016, stack(0x0000000d90200000,0x0000000d90300000)]
  0x000001d1d183dc80 JavaThread "background-preinit" [_thread_in_native, id=21332, stack(0x0000000d90800000,0x0000000d90900000)]
  0x000001d1d1e11760 JavaThread "C2 CompilerThread2" daemon [_thread_in_native, id=29800, stack(0x0000000d90b00000,0x0000000d90c00000)]

Other Threads:
  0x000001d1cc5f9b00 VMThread "VM Thread" [stack: 0x0000000d8f400000,0x0000000d8f500000] [id=26236]
  0x000001d1d0bdc930 WatcherThread "VM Periodic Task Thread" [stack: 0x0000000d90100000,0x0000000d90200000] [id=22852]
  0x000001d1a763b490 WorkerThread "GC Thread#0" [stack: 0x0000000d8ef00000,0x0000000d8f000000] [id=14564]
  0x000001d1d1370f70 WorkerThread "GC Thread#1" [stack: 0x0000000d90300000,0x0000000d90400000] [id=16388]
  0x000001d1d1371240 WorkerThread "GC Thread#2" [stack: 0x0000000d90400000,0x0000000d90500000] [id=5668]
  0x000001d1d1371510 WorkerThread "GC Thread#3" [stack: 0x0000000d90500000,0x0000000d90600000] [id=24988]
  0x000001d1d13717e0 WorkerThread "GC Thread#4" [stack: 0x0000000d90600000,0x0000000d90700000] [id=23456]
  0x000001d1d13fa390 WorkerThread "GC Thread#5" [stack: 0x0000000d90700000,0x0000000d90800000] [id=7292]
  0x000001d1d13f92b0 WorkerThread "GC Thread#6" [stack: 0x0000000d90900000,0x0000000d90a00000] [id=16712]
  0x000001d1d13fa0c0 WorkerThread "GC Thread#7" [stack: 0x0000000d90a00000,0x0000000d90b00000] [id=9316]
  0x000001d1a764be30 ConcurrentGCThread "G1 Main Marker" [stack: 0x0000000d8f000000,0x0000000d8f100000] [id=21456]
  0x000001d1a764f340 WorkerThread "G1 Conc#0" [stack: 0x0000000d8f100000,0x0000000d8f200000] [id=18620]
  0x000001d1cc4b0510 ConcurrentGCThread "G1 Refine#0" [stack: 0x0000000d8f200000,0x0000000d8f300000] [id=25512]
  0x000001d1cc4b0d00 ConcurrentGCThread "G1 Service" [stack: 0x0000000d8f300000,0x0000000d8f400000] [id=29576]

Threads with active compile tasks:
C2 CompilerThread0     5511 2254   !   4       java.net.URL::<init> (543 bytes)
C1 CompilerThread0     5512 2427       3       org.springframework.asm.ClassReader::readElementValue (1237 bytes)
C2 CompilerThread1     5512 2220   !   4       jdk.internal.loader.BuiltinClassLoader::loadClassOrNull (143 bytes)
C2 CompilerThread2     5512 2416       4       jdk.internal.loader.BuiltinClassLoader::moduleReaderFor (45 bytes)

VM state: not at safepoint (normal execution)

VM Mutex/Monitor currently owned by a thread: None

Heap address: 0x0000000703600000, size: 4042 MB, Compressed Oops mode: Zero based, Oop shift amount: 3

CDS archive(s) mapped at: [0x0000000800000000-0x0000000800c40000-0x0000000800c40000), size 12845056, SharedBaseAddress: 0x0000000800000000, ArchiveRelocationMode: 0.
Compressed class space mapped at: 0x0000000801000000-0x0000000841000000, reserved size: 1073741824
Narrow klass base: 0x0000000800000000, Narrow klass shift: 0, Narrow klass range: 0x100000000

GC Precious Log:
 CardTable entry size: 512
 Card Set container configuration: InlinePtr #cards 4 size 8 Array Of Cards #cards 8 size 32 Howl #buckets 8 coarsen threshold 3686 Howl Bitmap #cards 512 size 80 coarsen threshold 460 Card regions per heap region 1 cards per card region 4096
 CPUs: 8 total, 8 available
 Memory: 16167M
 Large Page Support: Disabled
 NUMA Support: Disabled
 Compressed Oops: Enabled (Zero based)
 Heap Region Size: 2M
 Heap Min Capacity: 8M
 Heap Initial Capacity: 254M
 Heap Max Capacity: 4042M
 Pre-touch: Disabled
 Parallel Workers: 8
 Concurrent Workers: 2
 Concurrent Refinement Workers: 8
 Periodic GC: Disabled

Heap:
 garbage-first heap   total 260096K, used 39873K [0x0000000703600000, 0x0000000800000000)
  region size 2048K, 19 young (38912K), 2 survivors (4096K)
 Metaspace       used 20264K, committed 20608K, reserved 1114112K
  class space    used 2526K, committed 2688K, reserved 1048576K

Heap Regions: E=young(eden), S=young(survivor), O=old, HS=humongous(starts), HC=humongous(continues), CS=collection set, F=free, OA=open archive, CA=closed archive, TAMS=top-at-mark-start (previous, next)
|   0|0x0000000703600000, 0x0000000703800000, 0x0000000703800000|100%| O|  |TAMS 0x0000000703600000, 0x0000000703600000| Untracked 
|   1|0x0000000703800000, 0x0000000703a00000, 0x0000000703a00000|100%| O|  |TAMS 0x0000000703800000, 0x0000000703800000| Untracked 
|   2|0x0000000703a00000, 0x0000000703c00000, 0x0000000703c00000|100%| O|  |TAMS 0x0000000703a00000, 0x0000000703a00000| Untracked 
|   3|0x0000000703c00000, 0x0000000703cc2000, 0x0000000703e00000| 37%| O|  |TAMS 0x0000000703c00000, 0x0000000703c00000| Untracked 
|   4|0x0000000703e00000, 0x0000000703e00000, 0x0000000704000000|  0%| F|  |TAMS 0x0000000703e00000, 0x0000000703e00000| Untracked 
|   5|0x0000000704000000, 0x0000000704000000, 0x0000000704200000|  0%| F|  |TAMS 0x0000000704000000, 0x0000000704000000| Untracked 
|   6|0x0000000704200000, 0x0000000704200000, 0x0000000704400000|  0%| F|  |TAMS 0x0000000704200000, 0x0000000704200000| Untracked 
|   7|0x0000000704400000, 0x0000000704400000, 0x0000000704600000|  0%| F|  |TAMS 0x0000000704400000, 0x0000000704400000| Untracked 
|   8|0x0000000704600000, 0x0000000704600000, 0x0000000704800000|  0%| F|  |TAMS 0x0000000704600000, 0x0000000704600000| Untracked 
|   9|0x0000000704800000, 0x0000000704800000, 0x0000000704a00000|  0%| F|  |TAMS 0x0000000704800000, 0x0000000704800000| Untracked 
|  10|0x0000000704a00000, 0x0000000704a00000, 0x0000000704c00000|  0%| F|  |TAMS 0x0000000704a00000, 0x0000000704a00000| Untracked 
|  11|0x0000000704c00000, 0x0000000704c00000, 0x0000000704e00000|  0%| F|  |TAMS 0x0000000704c00000, 0x0000000704c00000| Untracked 
|  12|0x0000000704e00000, 0x0000000704e00000, 0x0000000705000000|  0%| F|  |TAMS 0x0000000704e00000, 0x0000000704e00000| Untracked 
|  13|0x0000000705000000, 0x0000000705000000, 0x0000000705200000|  0%| F|  |TAMS 0x0000000705000000, 0x0000000705000000| Untracked 
|  14|0x0000000705200000, 0x0000000705200000, 0x0000000705400000|  0%| F|  |TAMS 0x0000000705200000, 0x0000000705200000| Untracked 
|  15|0x0000000705400000, 0x0000000705400000, 0x0000000705600000|  0%| F|  |TAMS 0x0000000705400000, 0x0000000705400000| Untracked 
|  16|0x0000000705600000, 0x0000000705600000, 0x0000000705800000|  0%| F|  |TAMS 0x0000000705600000, 0x0000000705600000| Untracked 
|  17|0x0000000705800000, 0x0000000705800000, 0x0000000705a00000|  0%| F|  |TAMS 0x0000000705800000, 0x0000000705800000| Untracked 
|  18|0x0000000705a00000, 0x0000000705a00000, 0x0000000705c00000|  0%| F|  |TAMS 0x0000000705a00000, 0x0000000705a00000| Untracked 
|  19|0x0000000705c00000, 0x0000000705c00000, 0x0000000705e00000|  0%| F|  |TAMS 0x0000000705c00000, 0x0000000705c00000| Untracked 
|  20|0x0000000705e00000, 0x0000000705e00000, 0x0000000706000000|  0%| F|  |TAMS 0x0000000705e00000, 0x0000000705e00000| Untracked 
|  21|0x0000000706000000, 0x0000000706000000, 0x0000000706200000|  0%| F|  |TAMS 0x0000000706000000, 0x0000000706000000| Untracked 
|  22|0x0000000706200000, 0x0000000706200000, 0x0000000706400000|  0%| F|  |TAMS 0x0000000706200000, 0x0000000706200000| Untracked 
|  23|0x0000000706400000, 0x0000000706400000, 0x0000000706600000|  0%| F|  |TAMS 0x0000000706400000, 0x0000000706400000| Untracked 
|  24|0x0000000706600000, 0x0000000706600000, 0x0000000706800000|  0%| F|  |TAMS 0x0000000706600000, 0x0000000706600000| Untracked 
|  25|0x0000000706800000, 0x0000000706800000, 0x0000000706a00000|  0%| F|  |TAMS 0x0000000706800000, 0x0000000706800000| Untracked 
|  26|0x0000000706a00000, 0x0000000706a00000, 0x0000000706c00000|  0%| F|  |TAMS 0x0000000706a00000, 0x0000000706a00000| Untracked 
|  27|0x0000000706c00000, 0x0000000706c00000, 0x0000000706e00000|  0%| F|  |TAMS 0x0000000706c00000, 0x0000000706c00000| Untracked 
|  28|0x0000000706e00000, 0x0000000706e00000, 0x0000000707000000|  0%| F|  |TAMS 0x0000000706e00000, 0x0000000706e00000| Untracked 
|  29|0x0000000707000000, 0x0000000707000000, 0x0000000707200000|  0%| F|  |TAMS 0x0000000707000000, 0x0000000707000000| Untracked 
|  30|0x0000000707200000, 0x0000000707200000, 0x0000000707400000|  0%| F|  |TAMS 0x0000000707200000, 0x0000000707200000| Untracked 
|  31|0x0000000707400000, 0x0000000707400000, 0x0000000707600000|  0%| F|  |TAMS 0x0000000707400000, 0x0000000707400000| Untracked 
|  32|0x0000000707600000, 0x0000000707600000, 0x0000000707800000|  0%| F|  |TAMS 0x0000000707600000, 0x0000000707600000| Untracked 
|  33|0x0000000707800000, 0x0000000707800000, 0x0000000707a00000|  0%| F|  |TAMS 0x0000000707800000, 0x0000000707800000| Untracked 
|  34|0x0000000707a00000, 0x0000000707a00000, 0x0000000707c00000|  0%| F|  |TAMS 0x0000000707a00000, 0x0000000707a00000| Untracked 
|  35|0x0000000707c00000, 0x0000000707c00000, 0x0000000707e00000|  0%| F|  |TAMS 0x0000000707c00000, 0x0000000707c00000| Untracked 
|  36|0x0000000707e00000, 0x0000000707e00000, 0x0000000708000000|  0%| F|  |TAMS 0x0000000707e00000, 0x0000000707e00000| Untracked 
|  37|0x0000000708000000, 0x0000000708000000, 0x0000000708200000|  0%| F|  |TAMS 0x0000000708000000, 0x0000000708000000| Untracked 
|  38|0x0000000708200000, 0x0000000708200000, 0x0000000708400000|  0%| F|  |TAMS 0x0000000708200000, 0x0000000708200000| Untracked 
|  39|0x0000000708400000, 0x0000000708400000, 0x0000000708600000|  0%| F|  |TAMS 0x0000000708400000, 0x0000000708400000| Untracked 
|  40|0x0000000708600000, 0x0000000708600000, 0x0000000708800000|  0%| F|  |TAMS 0x0000000708600000, 0x0000000708600000| Untracked 
|  41|0x0000000708800000, 0x0000000708800000, 0x0000000708a00000|  0%| F|  |TAMS 0x0000000708800000, 0x0000000708800000| Untracked 
|  42|0x0000000708a00000, 0x0000000708a00000, 0x0000000708c00000|  0%| F|  |TAMS 0x0000000708a00000, 0x0000000708a00000| Untracked 
|  43|0x0000000708c00000, 0x0000000708c00000, 0x0000000708e00000|  0%| F|  |TAMS 0x0000000708c00000, 0x0000000708c00000| Untracked 
|  44|0x0000000708e00000, 0x0000000708e00000, 0x0000000709000000|  0%| F|  |TAMS 0x0000000708e00000, 0x0000000708e00000| Untracked 
|  45|0x0000000709000000, 0x0000000709000000, 0x0000000709200000|  0%| F|  |TAMS 0x0000000709000000, 0x0000000709000000| Untracked 
|  46|0x0000000709200000, 0x0000000709200000, 0x0000000709400000|  0%| F|  |TAMS 0x0000000709200000, 0x0000000709200000| Untracked 
|  47|0x0000000709400000, 0x0000000709400000, 0x0000000709600000|  0%| F|  |TAMS 0x0000000709400000, 0x0000000709400000| Untracked 
|  48|0x0000000709600000, 0x0000000709600000, 0x0000000709800000|  0%| F|  |TAMS 0x0000000709600000, 0x0000000709600000| Untracked 
|  49|0x0000000709800000, 0x0000000709800000, 0x0000000709a00000|  0%| F|  |TAMS 0x0000000709800000, 0x0000000709800000| Untracked 
|  50|0x0000000709a00000, 0x0000000709a00000, 0x0000000709c00000|  0%| F|  |TAMS 0x0000000709a00000, 0x0000000709a00000| Untracked 
|  51|0x0000000709c00000, 0x0000000709c00000, 0x0000000709e00000|  0%| F|  |TAMS 0x0000000709c00000, 0x0000000709c00000| Untracked 
|  52|0x0000000709e00000, 0x0000000709e00000, 0x000000070a000000|  0%| F|  |TAMS 0x0000000709e00000, 0x0000000709e00000| Untracked 
|  53|0x000000070a000000, 0x000000070a000000, 0x000000070a200000|  0%| F|  |TAMS 0x000000070a000000, 0x000000070a000000| Untracked 
|  54|0x000000070a200000, 0x000000070a200000, 0x000000070a400000|  0%| F|  |TAMS 0x000000070a200000, 0x000000070a200000| Untracked 
|  55|0x000000070a400000, 0x000000070a400000, 0x000000070a600000|  0%| F|  |TAMS 0x000000070a400000, 0x000000070a400000| Untracked 
|  56|0x000000070a600000, 0x000000070a600000, 0x000000070a800000|  0%| F|  |TAMS 0x000000070a600000, 0x000000070a600000| Untracked 
|  57|0x000000070a800000, 0x000000070a800000, 0x000000070aa00000|  0%| F|  |TAMS 0x000000070a800000, 0x000000070a800000| Untracked 
|  58|0x000000070aa00000, 0x000000070aa00000, 0x000000070ac00000|  0%| F|  |TAMS 0x000000070aa00000, 0x000000070aa00000| Untracked 
|  59|0x000000070ac00000, 0x000000070ac00000, 0x000000070ae00000|  0%| F|  |TAMS 0x000000070ac00000, 0x000000070ac00000| Untracked 
|  60|0x000000070ae00000, 0x000000070ae00000, 0x000000070b000000|  0%| F|  |TAMS 0x000000070ae00000, 0x000000070ae00000| Untracked 
|  61|0x000000070b000000, 0x000000070b000000, 0x000000070b200000|  0%| F|  |TAMS 0x000000070b000000, 0x000000070b000000| Untracked 
|  62|0x000000070b200000, 0x000000070b200000, 0x000000070b400000|  0%| F|  |TAMS 0x000000070b200000, 0x000000070b200000| Untracked 
|  63|0x000000070b400000, 0x000000070b400000, 0x000000070b600000|  0%| F|  |TAMS 0x000000070b400000, 0x000000070b400000| Untracked 
|  64|0x000000070b600000, 0x000000070b600000, 0x000000070b800000|  0%| F|  |TAMS 0x000000070b600000, 0x000000070b600000| Untracked 
|  65|0x000000070b800000, 0x000000070b800000, 0x000000070ba00000|  0%| F|  |TAMS 0x000000070b800000, 0x000000070b800000| Untracked 
|  66|0x000000070ba00000, 0x000000070ba00000, 0x000000070bc00000|  0%| F|  |TAMS 0x000000070ba00000, 0x000000070ba00000| Untracked 
|  67|0x000000070bc00000, 0x000000070bc00000, 0x000000070be00000|  0%| F|  |TAMS 0x000000070bc00000, 0x000000070bc00000| Untracked 
|  68|0x000000070be00000, 0x000000070be00000, 0x000000070c000000|  0%| F|  |TAMS 0x000000070be00000, 0x000000070be00000| Untracked 
|  69|0x000000070c000000, 0x000000070c000000, 0x000000070c200000|  0%| F|  |TAMS 0x000000070c000000, 0x000000070c000000| Untracked 
|  70|0x000000070c200000, 0x000000070c200000, 0x000000070c400000|  0%| F|  |TAMS 0x000000070c200000, 0x000000070c200000| Untracked 
|  71|0x000000070c400000, 0x000000070c400000, 0x000000070c600000|  0%| F|  |TAMS 0x000000070c400000, 0x000000070c400000| Untracked 
|  72|0x000000070c600000, 0x000000070c600000, 0x000000070c800000|  0%| F|  |TAMS 0x000000070c600000, 0x000000070c600000| Untracked 
|  73|0x000000070c800000, 0x000000070c800000, 0x000000070ca00000|  0%| F|  |TAMS 0x000000070c800000, 0x000000070c800000| Untracked 
|  74|0x000000070ca00000, 0x000000070ca00000, 0x000000070cc00000|  0%| F|  |TAMS 0x000000070ca00000, 0x000000070ca00000| Untracked 
|  75|0x000000070cc00000, 0x000000070cc00000, 0x000000070ce00000|  0%| F|  |TAMS 0x000000070cc00000, 0x000000070cc00000| Untracked 
|  76|0x000000070ce00000, 0x000000070ce00000, 0x000000070d000000|  0%| F|  |TAMS 0x000000070ce00000, 0x000000070ce00000| Untracked 
|  77|0x000000070d000000, 0x000000070d000000, 0x000000070d200000|  0%| F|  |TAMS 0x000000070d000000, 0x000000070d000000| Untracked 
|  78|0x000000070d200000, 0x000000070d200000, 0x000000070d400000|  0%| F|  |TAMS 0x000000070d200000, 0x000000070d200000| Untracked 
|  79|0x000000070d400000, 0x000000070d400000, 0x000000070d600000|  0%| F|  |TAMS 0x000000070d400000, 0x000000070d400000| Untracked 
|  80|0x000000070d600000, 0x000000070d600000, 0x000000070d800000|  0%| F|  |TAMS 0x000000070d600000, 0x000000070d600000| Untracked 
|  81|0x000000070d800000, 0x000000070d800000, 0x000000070da00000|  0%| F|  |TAMS 0x000000070d800000, 0x000000070d800000| Untracked 
|  82|0x000000070da00000, 0x000000070da00000, 0x000000070dc00000|  0%| F|  |TAMS 0x000000070da00000, 0x000000070da00000| Untracked 
|  83|0x000000070dc00000, 0x000000070dc00000, 0x000000070de00000|  0%| F|  |TAMS 0x000000070dc00000, 0x000000070dc00000| Untracked 
|  84|0x000000070de00000, 0x000000070de00000, 0x000000070e000000|  0%| F|  |TAMS 0x000000070de00000, 0x000000070de00000| Untracked 
|  85|0x000000070e000000, 0x000000070e000000, 0x000000070e200000|  0%| F|  |TAMS 0x000000070e000000, 0x000000070e000000| Untracked 
|  86|0x000000070e200000, 0x000000070e200000, 0x000000070e400000|  0%| F|  |TAMS 0x000000070e200000, 0x000000070e200000| Untracked 
|  87|0x000000070e400000, 0x000000070e400000, 0x000000070e600000|  0%| F|  |TAMS 0x000000070e400000, 0x000000070e400000| Untracked 
|  88|0x000000070e600000, 0x000000070e600000, 0x000000070e800000|  0%| F|  |TAMS 0x000000070e600000, 0x000000070e600000| Untracked 
|  89|0x000000070e800000, 0x000000070e800000, 0x000000070ea00000|  0%| F|  |TAMS 0x000000070e800000, 0x000000070e800000| Untracked 
|  90|0x000000070ea00000, 0x000000070ea00000, 0x000000070ec00000|  0%| F|  |TAMS 0x000000070ea00000, 0x000000070ea00000| Untracked 
|  91|0x000000070ec00000, 0x000000070ec00000, 0x000000070ee00000|  0%| F|  |TAMS 0x000000070ec00000, 0x000000070ec00000| Untracked 
|  92|0x000000070ee00000, 0x000000070ee00000, 0x000000070f000000|  0%| F|  |TAMS 0x000000070ee00000, 0x000000070ee00000| Untracked 
|  93|0x000000070f000000, 0x000000070f000000, 0x000000070f200000|  0%| F|  |TAMS 0x000000070f000000, 0x000000070f000000| Untracked 
|  94|0x000000070f200000, 0x000000070f200000, 0x000000070f400000|  0%| F|  |TAMS 0x000000070f200000, 0x000000070f200000| Untracked 
|  95|0x000000070f400000, 0x000000070f400000, 0x000000070f600000|  0%| F|  |TAMS 0x000000070f400000, 0x000000070f400000| Untracked 
|  96|0x000000070f600000, 0x000000070f600000, 0x000000070f800000|  0%| F|  |TAMS 0x000000070f600000, 0x000000070f600000| Untracked 
|  97|0x000000070f800000, 0x000000070f800000, 0x000000070fa00000|  0%| F|  |TAMS 0x000000070f800000, 0x000000070f800000| Untracked 
|  98|0x000000070fa00000, 0x000000070fa00000, 0x000000070fc00000|  0%| F|  |TAMS 0x000000070fa00000, 0x000000070fa00000| Untracked 
|  99|0x000000070fc00000, 0x000000070fc00000, 0x000000070fe00000|  0%| F|  |TAMS 0x000000070fc00000, 0x000000070fc00000| Untracked 
| 100|0x000000070fe00000, 0x000000070fe00000, 0x0000000710000000|  0%| F|  |TAMS 0x000000070fe00000, 0x000000070fe00000| Untracked 
| 101|0x0000000710000000, 0x0000000710000000, 0x0000000710200000|  0%| F|  |TAMS 0x0000000710000000, 0x0000000710000000| Untracked 
| 102|0x0000000710200000, 0x0000000710200000, 0x0000000710400000|  0%| F|  |TAMS 0x0000000710200000, 0x0000000710200000| Untracked 
| 103|0x0000000710400000, 0x0000000710400000, 0x0000000710600000|  0%| F|  |TAMS 0x0000000710400000, 0x0000000710400000| Untracked 
| 104|0x0000000710600000, 0x0000000710600000, 0x0000000710800000|  0%| F|  |TAMS 0x0000000710600000, 0x0000000710600000| Untracked 
| 105|0x0000000710800000, 0x0000000710800000, 0x0000000710a00000|  0%| F|  |TAMS 0x0000000710800000, 0x0000000710800000| Untracked 
| 106|0x0000000710a00000, 0x0000000710a00000, 0x0000000710c00000|  0%| F|  |TAMS 0x0000000710a00000, 0x0000000710a00000| Untracked 
| 107|0x0000000710c00000, 0x0000000710c00000, 0x0000000710e00000|  0%| F|  |TAMS 0x0000000710c00000, 0x0000000710c00000| Untracked 
| 108|0x0000000710e00000, 0x0000000710f88bf8, 0x0000000711000000| 76%| E|  |TAMS 0x0000000710e00000, 0x0000000710e00000| Complete 
| 109|0x0000000711000000, 0x0000000711200000, 0x0000000711200000|100%| E|CS|TAMS 0x0000000711000000, 0x0000000711000000| Complete 
| 110|0x0000000711200000, 0x000000071122e780, 0x0000000711400000|  9%| S|CS|TAMS 0x0000000711200000, 0x0000000711200000| Complete 
| 111|0x0000000711400000, 0x0000000711600000, 0x0000000711600000|100%| S|CS|TAMS 0x0000000711400000, 0x0000000711400000| Complete 
| 112|0x0000000711600000, 0x0000000711800000, 0x0000000711800000|100%| E|CS|TAMS 0x0000000711600000, 0x0000000711600000| Complete 
| 113|0x0000000711800000, 0x0000000711a00000, 0x0000000711a00000|100%| E|CS|TAMS 0x0000000711800000, 0x0000000711800000| Complete 
| 114|0x0000000711a00000, 0x0000000711c00000, 0x0000000711c00000|100%| E|  |TAMS 0x0000000711a00000, 0x0000000711a00000| Complete 
| 115|0x0000000711c00000, 0x0000000711e00000, 0x0000000711e00000|100%| E|CS|TAMS 0x0000000711c00000, 0x0000000711c00000| Complete 
| 116|0x0000000711e00000, 0x0000000712000000, 0x0000000712000000|100%| E|CS|TAMS 0x0000000711e00000, 0x0000000711e00000| Complete 
| 117|0x0000000712000000, 0x0000000712200000, 0x0000000712200000|100%| E|CS|TAMS 0x0000000712000000, 0x0000000712000000| Complete 
| 118|0x0000000712200000, 0x0000000712400000, 0x0000000712400000|100%| E|CS|TAMS 0x0000000712200000, 0x0000000712200000| Complete 
| 119|0x0000000712400000, 0x0000000712600000, 0x0000000712600000|100%| E|CS|TAMS 0x0000000712400000, 0x0000000712400000| Complete 
| 120|0x0000000712600000, 0x0000000712800000, 0x0000000712800000|100%| E|CS|TAMS 0x0000000712600000, 0x0000000712600000| Complete 
| 121|0x0000000712800000, 0x0000000712a00000, 0x0000000712a00000|100%| E|CS|TAMS 0x0000000712800000, 0x0000000712800000| Complete 
| 122|0x0000000712a00000, 0x0000000712c00000, 0x0000000712c00000|100%| E|CS|TAMS 0x0000000712a00000, 0x0000000712a00000| Complete 
| 123|0x0000000712c00000, 0x0000000712e00000, 0x0000000712e00000|100%| E|CS|TAMS 0x0000000712c00000, 0x0000000712c00000| Complete 
| 124|0x0000000712e00000, 0x0000000713000000, 0x0000000713000000|100%| E|CS|TAMS 0x0000000712e00000, 0x0000000712e00000| Complete 
| 125|0x0000000713000000, 0x0000000713200000, 0x0000000713200000|100%| E|CS|TAMS 0x0000000713000000, 0x0000000713000000| Complete 
| 126|0x0000000713200000, 0x0000000713400000, 0x0000000713400000|100%| E|CS|TAMS 0x0000000713200000, 0x0000000713200000| Complete 

Card table byte_map: [0x000001d1c0d80000,0x000001d1c1570000] _byte_map_base: 0x000001d1bd565000

Marking Bits (Prev, Next): (CMBitMap*) 0x000001d1a763b870, (CMBitMap*) 0x000001d1a763b8b0
 Prev Bits: [0x000001d1c1d60000, 0x000001d1c5c88000)
 Next Bits: [0x000001d1c5c90000, 0x000001d1c9bb8000)

Polling page: 0x000001d1a7280000

Metaspace:

Usage:
  Non-class:     17.37 MB used.
      Class:      2.47 MB used.
       Both:     19.84 MB used.

Virtual space:
  Non-class space:       64.00 MB reserved,      17.56 MB ( 27%) committed,  1 nodes.
      Class space:        1.00 GB reserved,       2.62 MB ( <1%) committed,  1 nodes.
             Both:        1.06 GB reserved,      20.19 MB (  2%) committed. 

Chunk freelists:
   Non-Class:  2.05 MB
       Class:  1.29 MB
        Both:  3.33 MB

MaxMetaspaceSize: unlimited
CompressedClassSpaceSize: 1.00 GB
Initial GC threshold: 21.00 MB
Current GC threshold: 21.00 MB
CDS: on
MetaspaceReclaimPolicy: balanced
 - commit_granule_bytes: 65536.
 - commit_granule_words: 8192.
 - virtual_space_node_default_size: 8388608.
 - enlarge_chunks_in_place: 1.
 - new_chunks_are_fully_committed: 0.
 - uncommit_free_chunks: 1.
 - use_allocation_guard: 0.


Internal statistics:

num_allocs_failed_limit: 0.
num_arena_births: 392.
num_arena_deaths: 0.
num_vsnodes_births: 2.
num_vsnodes_deaths: 0.
num_space_committed: 323.
num_space_uncommitted: 0.
num_chunks_returned_to_freelist: 0.
num_chunks_taken_from_freelist: 1052.
num_chunk_merges: 0.
num_chunk_splits: 748.
num_chunks_enlarged: 593.
num_inconsistent_stats: 0.

CodeHeap 'non-profiled nmethods': size=120000Kb used=909Kb max_used=909Kb free=119090Kb
 bounds [0x000001d1b8600000, 0x000001d1b8870000, 0x000001d1bfb30000]
CodeHeap 'profiled nmethods': size=120000Kb used=4730Kb max_used=4730Kb free=115269Kb
 bounds [0x000001d1b0b30000, 0x000001d1b0fd0000, 0x000001d1b8060000]
CodeHeap 'non-nmethods': size=5760Kb used=1315Kb max_used=1342Kb free=4444Kb
 bounds [0x000001d1b8060000, 0x000001d1b82d0000, 0x000001d1b8600000]
 total_blobs=2949 nmethods=2424 adapters=434
 compilation: enabled
              stopped_count=0, restarted_count=0
 full_count=0

Compilation events (20 events):
Event: 4.449 Thread 0x000001d1d0820090 2374       3       java.util.stream.ReferencePipeline$2::opWrapSink (10 bytes)
Event: 4.452 Thread 0x000001d1d0820090 nmethod 2374 0x000001d1b0f9d390 code [0x000001d1b0f9d580, 0x000001d1b0f9db48]
Event: 4.453 Thread 0x000001d1d0820090 2379   !   3       org.springframework.util.ConcurrentReferenceHashMap$Segment::doTask (179 bytes)
Event: 4.455 Thread 0x000001d1d0820090 nmethod 2379 0x000001d1b0f9dd10 code [0x000001d1b0f9e0e0, 0x000001d1b0f9fac8]
Event: 4.455 Thread 0x000001d1d0820090 2380       3       org.springframework.util.ConcurrentReferenceHashMap$1::execute (55 bytes)
Event: 4.456 Thread 0x000001d1d0820090 nmethod 2380 0x000001d1b0fa0710 code [0x000001d1b0fa0900, 0x000001d1b0fa0dd8]
Event: 4.456 Thread 0x000001d1d0820090 2375       3       java.util.stream.ReferencePipeline$2$1::begin (13 bytes)
Event: 4.456 Thread 0x000001d1d0820090 nmethod 2375 0x000001d1b0fa1010 code [0x000001d1b0fa11c0, 0x000001d1b0fa13a8]
Event: 4.456 Thread 0x000001d1d0820090 2376       1       org.springframework.core.annotation.TypeMappedAnnotation::getAggregateIndex (5 bytes)
Event: 4.456 Thread 0x000001d1d0820090 nmethod 2376 0x000001d1b86dba90 code [0x000001d1b86dbc20, 0x000001d1b86dbcd8]
Event: 4.456 Thread 0x000001d1d0820090 2377       1       org.springframework.context.annotation.ConfigurationClass::getMetadata (5 bytes)
Event: 4.456 Thread 0x000001d1d0820090 nmethod 2377 0x000001d1b86dbd90 code [0x000001d1b86dbf20, 0x000001d1b86dbff8]
Event: 4.456 Thread 0x000001d1d0820090 2373       1       java.util.stream.ReduceOps$Box::get (5 bytes)
Event: 4.456 Thread 0x000001d1d0820090 nmethod 2373 0x000001d1b86dc090 code [0x000001d1b86dc220, 0x000001d1b86dc2f8]
Event: 4.456 Thread 0x000001d1d0820090 2372       1       org.springframework.boot.autoconfigure.condition.ConditionOutcome::isMatch (5 bytes)
Event: 4.456 Thread 0x000001d1d0820090 nmethod 2372 0x000001d1b86dc390 code [0x000001d1b86dc520, 0x000001d1b86dc5f8]
Event: 4.457 Thread 0x000001d1d0820090 2381       3       java.util.regex.Pattern::next (33 bytes)
Event: 4.457 Thread 0x000001d1d0820090 nmethod 2381 0x000001d1b0fa1490 code [0x000001d1b0fa1640, 0x000001d1b0fa18a8]
Event: 4.457 Thread 0x000001d1d0820090 2382   !   3       java.util.regex.Pattern::closure (276 bytes)
Event: 4.458 Thread 0x000001d1d0820090 nmethod 2382 0x000001d1b0fa1a10 code [0x000001d1b0fa1e40, 0x000001d1b0fa3928]

GC Heap History (4 events):
Event: 0.606 GC heap before
{Heap before GC invocations=0 (full 0):
 garbage-first heap   total 260096K, used 20480K [0x0000000703600000, 0x0000000800000000)
  region size 2048K, 11 young (22528K), 0 survivors (0K)
 Metaspace       used 5734K, committed 5952K, reserved 1114112K
  class space    used 638K, committed 768K, reserved 1048576K
}
Event: 0.610 GC heap after
{Heap after GC invocations=1 (full 0):
 garbage-first heap   total 260096K, used 7344K [0x0000000703600000, 0x0000000800000000)
  region size 2048K, 2 young (4096K), 2 survivors (4096K)
 Metaspace       used 5734K, committed 5952K, reserved 1114112K
  class space    used 638K, committed 768K, reserved 1048576K
}
Event: 1.035 GC heap before
{Heap before GC invocations=1 (full 0):
 garbage-first heap   total 260096K, used 31920K [0x0000000703600000, 0x0000000800000000)
  region size 2048K, 15 young (30720K), 2 survivors (4096K)
 Metaspace       used 12258K, committed 12544K, reserved 1114112K
  class space    used 1615K, committed 1728K, reserved 1048576K
}
Event: 1.039 GC heap after
{Heap after GC invocations=2 (full 0):
 garbage-first heap   total 260096K, used 9153K [0x0000000703600000, 0x0000000800000000)
  region size 2048K, 2 young (4096K), 2 survivors (4096K)
 Metaspace       used 12258K, committed 12544K, reserved 1114112K
  class space    used 1615K, committed 1728K, reserved 1048576K
}

Dll operation events (10 events):
Event: 0.009 Loaded shared library C:\Program Files\Java\jdk-19\bin\java.dll
Event: 0.019 Loaded shared library C:\Program Files\Java\jdk-19\bin\jsvml.dll
Event: 0.121 Loaded shared library C:\Program Files\Java\jdk-19\bin\zip.dll
Event: 0.123 Loaded shared library C:\Program Files\Java\jdk-19\bin\instrument.dll
Event: 0.128 Loaded shared library C:\Program Files\Java\jdk-19\bin\net.dll
Event: 0.130 Loaded shared library C:\Program Files\Java\jdk-19\bin\nio.dll
Event: 0.132 Loaded shared library C:\Program Files\Java\jdk-19\bin\zip.dll
Event: 0.213 Loaded shared library C:\Program Files\JetBrains\IntelliJ IDEA Educational Edition 2022.2.2\bin\breakgen64.dll
Event: 0.222 Loaded shared library C:\Program Files\Java\jdk-19\bin\extnet.dll
Event: 0.257 Loaded shared library C:\Program Files\Java\jdk-19\bin\jimage.dll

Deoptimization events (20 events):
Event: 4.406 Thread 0x000001d1d183dc80 Uncommon trap: trap_request=0xffffffde fr.pc=0x000001d1b86c45bc relative=0x000000000000071c
Event: 4.406 Thread 0x000001d1d183dc80 Uncommon trap: reason=class_check action=maybe_recompile pc=0x000001d1b86c45bc method=java.util.regex.Pattern$Start.match(Ljava/util/regex/Matcher;ILjava/lang/CharSequence;)Z @ 44 c2
Event: 4.406 Thread 0x000001d1d183dc80 DEOPT PACKING pc=0x000001d1b86c45bc sp=0x0000000d908fdec0
Event: 4.406 Thread 0x000001d1d183dc80 DEOPT UNPACKING pc=0x000001d1b80ca5a3 sp=0x0000000d908fde20 mode 2
Event: 4.406 Thread 0x000001d1d183dc80 Uncommon trap: trap_request=0xffffffde fr.pc=0x000001d1b86c45bc relative=0x000000000000071c
Event: 4.406 Thread 0x000001d1d183dc80 Uncommon trap: reason=class_check action=maybe_recompile pc=0x000001d1b86c45bc method=java.util.regex.Pattern$Start.match(Ljava/util/regex/Matcher;ILjava/lang/CharSequence;)Z @ 44 c2
Event: 4.406 Thread 0x000001d1d183dc80 DEOPT PACKING pc=0x000001d1b86c45bc sp=0x0000000d908fdec0
Event: 4.406 Thread 0x000001d1d183dc80 DEOPT UNPACKING pc=0x000001d1b80ca5a3 sp=0x0000000d908fde20 mode 2
Event: 4.406 Thread 0x000001d1d183dc80 Uncommon trap: trap_request=0xffffffde fr.pc=0x000001d1b86c45bc relative=0x000000000000071c
Event: 4.406 Thread 0x000001d1d183dc80 Uncommon trap: reason=class_check action=maybe_recompile pc=0x000001d1b86c45bc method=java.util.regex.Pattern$Start.match(Ljava/util/regex/Matcher;ILjava/lang/CharSequence;)Z @ 44 c2
Event: 4.406 Thread 0x000001d1d183dc80 DEOPT PACKING pc=0x000001d1b86c45bc sp=0x0000000d908fdec0
Event: 4.406 Thread 0x000001d1d183dc80 DEOPT UNPACKING pc=0x000001d1b80ca5a3 sp=0x0000000d908fde20 mode 2
Event: 4.431 Thread 0x000001d1a75c8220 Uncommon trap: trap_request=0xffffff45 fr.pc=0x000001d1b86661ec relative=0x00000000000009ec
Event: 4.431 Thread 0x000001d1a75c8220 Uncommon trap: reason=unstable_if action=reinterpret pc=0x000001d1b86661ec method=jdk.internal.org.objectweb.asm.SymbolTable.put(Ljdk/internal/org/objectweb/asm/SymbolTable$Entry;)Ljdk/internal/org/objectweb/asm/SymbolTable$Entry; @ 13 c2
Event: 4.431 Thread 0x000001d1a75c8220 DEOPT PACKING pc=0x000001d1b86661ec sp=0x0000000d8eefcd80
Event: 4.431 Thread 0x000001d1a75c8220 DEOPT UNPACKING pc=0x000001d1b80ca5a3 sp=0x0000000d8eefccb8 mode 2
Event: 4.435 Thread 0x000001d1d183dc80 Uncommon trap: trap_request=0xffffffde fr.pc=0x000001d1b86c45bc relative=0x000000000000071c
Event: 4.435 Thread 0x000001d1d183dc80 Uncommon trap: reason=class_check action=maybe_recompile pc=0x000001d1b86c45bc method=java.util.regex.Pattern$Start.match(Ljava/util/regex/Matcher;ILjava/lang/CharSequence;)Z @ 44 c2
Event: 4.435 Thread 0x000001d1d183dc80 DEOPT PACKING pc=0x000001d1b86c45bc sp=0x0000000d908fdec0
Event: 4.435 Thread 0x000001d1d183dc80 DEOPT UNPACKING pc=0x000001d1b80ca5a3 sp=0x0000000d908fde20 mode 2

Classes loaded (20 events):
Event: 2.263 Loading class sun/text/resources/cldr/FormatData_en_US
Event: 2.263 Loading class sun/text/resources/cldr/FormatData_en_US done
Event: 2.280 Loading class java/io/CharArrayReader
Event: 2.280 Loading class java/io/CharArrayReader done
Event: 2.287 Loading class java/lang/Thread$ThreadNumbering
Event: 2.287 Loading class java/lang/Thread$ThreadNumbering done
Event: 2.299 Loading class javax/naming/ldap/LdapContext
Event: 2.299 Loading class javax/naming/directory/DirContext
Event: 2.299 Loading class javax/naming/directory/DirContext done
Event: 2.299 Loading class javax/naming/ldap/LdapContext done
Event: 4.434 Loading class java/util/stream/Streams$ConcatSpliterator$OfRef
Event: 4.434 Loading class java/util/stream/Streams$ConcatSpliterator
Event: 4.434 Loading class java/util/stream/Streams$ConcatSpliterator done
Event: 4.434 Loading class java/util/stream/Streams$ConcatSpliterator$OfRef done
Event: 4.434 Loading class java/util/stream/Streams$2
Event: 4.434 Loading class java/util/stream/Streams$2 done
Event: 4.450 Loading class java/lang/reflect/MalformedParametersException
Event: 4.450 Loading class java/lang/reflect/MalformedParametersException done
Event: 4.457 Loading class java/util/regex/Pattern$Pos
Event: 4.457 Loading class java/util/regex/Pattern$Pos done

Classes unloaded (0 events):
No events

Classes redefined (0 events):
No events

Internal exceptions (20 events):
Event: 0.733 Thread 0x000001d1a75c8220 Exception <a 'java/lang/NoSuchMethodError'{0x0000000712fd3558}: 'int java.lang.invoke.DirectMethodHandle$Holder.invokeStaticInit(java.lang.Object, float, float)'> (0x0000000712fd3558) 
thrown [s\open\src\hotspot\share\interpreter\linkResolver.cpp, line 774]
Event: 0.733 Thread 0x000001d1a75c8220 Exception <a 'java/lang/NoSuchMethodError'{0x0000000712fda3b8}: 'int java.lang.invoke.DirectMethodHandle$Holder.invokeStaticInit(java.lang.Object, double, double)'> (0x0000000712fda3b8) 
thrown [s\open\src\hotspot\share\interpreter\linkResolver.cpp, line 774]
Event: 0.733 Thread 0x000001d1a75c8220 Exception <a 'java/lang/NoSuchMethodError'{0x0000000712fde9c8}: 'int java.lang.invoke.DirectMethodHandle$Holder.invokeStatic(java.lang.Object, long)'> (0x0000000712fde9c8) 
thrown [s\open\src\hotspot\share\interpreter\linkResolver.cpp, line 774]
Event: 0.735 Thread 0x000001d1a75c8220 Exception <a 'java/lang/NoSuchMethodError'{0x0000000712c02798}: 'int java.lang.invoke.Invokers$Holder.linkToTargetMethod(java.lang.Object, java.lang.Object)'> (0x0000000712c02798) 
thrown [s\open\src\hotspot\share\interpreter\linkResolver.cpp, line 774]
Event: 0.747 Thread 0x000001d1a75c8220 Exception <a 'java/lang/NoSuchMethodError'{0x0000000712c7fe08}: 'java.lang.Object java.lang.invoke.DirectMethodHandle$Holder.invokeSpecial(java.lang.Object, java.lang.Object, java.lang.Object, int, java.lang.Object)'> (0x0000000712c7fe08) 
thrown [s\open\src\hotspot\share\interpreter\linkResolver.cpp, line 774]
Event: 0.748 Thread 0x000001d1a75c8220 Exception <a 'java/lang/NoSuchMethodError'{0x0000000712c88380}: 'java.lang.Object java.lang.invoke.DirectMethodHandle$Holder.newInvokeSpecial(java.lang.Object, java.lang.Object, java.lang.Object, int, java.lang.Object)'> (0x0000000712c88380) 
thrown [s\open\src\hotspot\share\interpreter\linkResolver.cpp, line 774]
Event: 0.748 Thread 0x000001d1a75c8220 Exception <a 'java/lang/NoSuchMethodError'{0x0000000712c8fd70}: 'java.lang.Object java.lang.invoke.Invokers$Holder.linkToTargetMethod(java.lang.Object, java.lang.Object, int, java.lang.Object, java.lang.Object)'> (0x0000000712c8fd70) 
thrown [s\open\src\hotspot\share\interpreter\linkResolver.cpp, line 774]
Event: 0.749 Thread 0x000001d1a75c8220 Exception <a 'java/lang/NoSuchMethodError'{0x0000000712c9f228}: 'java.lang.Object java.lang.invoke.DirectMethodHandle$Holder.newInvokeSpecial(java.lang.Object, int, java.lang.Object)'> (0x0000000712c9f228) 
thrown [s\open\src\hotspot\share\interpreter\linkResolver.cpp, line 774]
Event: 0.750 Thread 0x000001d1a75c8220 Exception <a 'java/lang/NoSuchMethodError'{0x0000000712ca3cf0}: 'int java.lang.invoke.DirectMethodHandle$Holder.invokeSpecialIFC(java.lang.Object, java.lang.Object, java.lang.Object, java.lang.Object)'> (0x0000000712ca3cf0) 
thrown [s\open\src\hotspot\share\interpreter\linkResolver.cpp, line 774]
Event: 0.766 Thread 0x000001d1a75c8220 Exception <a 'java/lang/NoSuchMethodError'{0x0000000712d580c0}: 'void java.lang.invoke.DirectMethodHandle$Holder.invokeInterface(java.lang.Object, java.lang.Object, java.lang.Object)'> (0x0000000712d580c0) 
thrown [s\open\src\hotspot\share\interpreter\linkResolver.cpp, line 774]
Event: 0.784 Thread 0x000001d1a75c8220 Exception <a 'java/lang/NoSuchMethodError'{0x0000000712dd9a50}: 'void java.lang.invoke.DirectMethodHandle$Holder.invokeStaticInit(java.lang.Object, java.lang.Object, java.lang.Object)'> (0x0000000712dd9a50) 
thrown [s\open\src\hotspot\share\interpreter\linkResolver.cpp, line 774]
Event: 0.788 Thread 0x000001d1a75c8220 Exception <a 'java/lang/NoSuchMethodError'{0x0000000712a23b48}: 'java.lang.Object java.lang.invoke.DirectMethodHandle$Holder.invokeVirtual(java.lang.Object, java.lang.Object, java.lang.Object)'> (0x0000000712a23b48) 
thrown [s\open\src\hotspot\share\interpreter\linkResolver.cpp, line 774]
Event: 0.808 Thread 0x000001d1a75c8220 Exception <a 'java/lang/NoSuchMethodError'{0x0000000712af4cd0}: 'void java.lang.invoke.DirectMethodHandle$Holder.invokeVirtual(java.lang.Object, java.lang.Object, java.lang.Object, java.lang.Object)'> (0x0000000712af4cd0) 
thrown [s\open\src\hotspot\share\interpreter\linkResolver.cpp, line 774]
Event: 0.867 Thread 0x000001d1a75c8220 Exception <a 'java/lang/NoSuchMethodError'{0x000000071294daa8}: 'java.lang.Object java.lang.invoke.Invokers$Holder.invoke_MT(java.lang.Object, java.lang.Object, java.lang.Object, java.lang.Object, java.lang.Object, java.lang.Object, java.lang.Object, java.lang.Object, java.lang.Object)'> (0x000000071294daa8) 
thrown [s\open\src\hotspot\share\interpreter\linkResolver.cpp, line 774]
Event: 0.871 Thread 0x000001d1a75c8220 Exception <a 'java/lang/NoSuchMethodError'{0x00000007129c1210}: 'java.lang.reflect.Field[] java.lang.Class.getDeclaredFields(java.lang.Class)'> (0x00000007129c1210) 
thrown [s\open\src\hotspot\share\interpreter\linkResolver.cpp, line 774]
Event: 0.879 Thread 0x000001d1a75c8220 Exception <a 'java/lang/IncompatibleClassChangeError'{0x000000071268c7f0}: Found class java.lang.Object, but interface was expected> (0x000000071268c7f0) 
thrown [s\open\src\hotspot\share\interpreter\linkResolver.cpp, line 841]
Event: 2.144 Thread 0x000001d1a75c8220 Exception <a 'sun/nio/fs/WindowsException'{0x0000000712c34e18}> (0x0000000712c34e18) 
thrown [s\open\src\hotspot\share\prims\jni.cpp, line 517]
Event: 2.146 Thread 0x000001d1a75c8220 Exception <a 'java/lang/NoSuchMethodError'{0x0000000712c36750}: 'int java.lang.invoke.DirectMethodHandle$Holder.invokeSpecial(java.lang.Object, java.lang.Object, java.lang.Object, java.lang.Object, java.lang.Object)'> (0x0000000712c36750) 
thrown [s\open\src\hotspot\share\interpreter\linkResolver.cpp, line 774]
Event: 2.152 Thread 0x000001d1a75c8220 Exception <a 'java/lang/NoSuchMethodError'{0x0000000712c3f620}: 'void java.lang.invoke.DirectMethodHandle$Holder.invokeVirtual(java.lang.Object, java.lang.Object)'> (0x0000000712c3f620) 
thrown [s\open\src\hotspot\share\interpreter\linkResolver.cpp, line 774]
Event: 2.342 Thread 0x000001d1a75c8220 Exception <a 'java/lang/IncompatibleClassChangeError'{0x0000000711dd6d18}: Found class java.lang.Object, but interface was expected> (0x0000000711dd6d18) 
thrown [s\open\src\hotspot\share\interpreter\linkResolver.cpp, line 841]

VM Operations (20 events):
Event: 0.859 Executing VM operation: HandshakeAllThreads done
Event: 0.860 Executing VM operation: HandshakeAllThreads
Event: 0.860 Executing VM operation: HandshakeAllThreads done
Event: 0.867 Executing VM operation: ICBufferFull
Event: 0.868 Executing VM operation: ICBufferFull done
Event: 1.035 Executing VM operation: G1CollectForAllocation
Event: 1.039 Executing VM operation: G1CollectForAllocation done
Event: 1.092 Executing VM operation: HandshakeAllThreads
Event: 1.093 Executing VM operation: HandshakeAllThreads done
Event: 2.095 Executing VM operation: Cleanup
Event: 2.143 Executing VM operation: Cleanup done
Event: 2.145 Executing VM operation: HandshakeAllThreads
Event: 2.145 Executing VM operation: HandshakeAllThreads done
Event: 2.266 Executing VM operation: HandshakeAllThreads
Event: 2.266 Executing VM operation: HandshakeAllThreads done
Event: 2.350 Executing VM operation: HandshakeAllThreads
Event: 2.350 Executing VM operation: HandshakeAllThreads done
Event: 3.358 Executing VM operation: Cleanup
Event: 3.358 Executing VM operation: Cleanup done
Event: 5.381 Executing VM operation: Cleanup

Events (18 events):
Event: 0.020 Thread 0x000001d1a75c8220 Thread added: 0x000001d1a75c8220
Event: 0.031 Thread 0x000001d1cc612320 Thread added: 0x000001d1cc612320
Event: 0.032 Thread 0x000001d1cc612c50 Thread added: 0x000001d1cc612c50
Event: 0.032 Thread 0x000001d1cc6158f0 Thread added: 0x000001d1cc6158f0
Event: 0.032 Thread 0x000001d1cc616220 Thread added: 0x000001d1cc616220
Event: 0.032 Thread 0x000001d1cc616b50 Thread added: 0x000001d1cc616b50
Event: 0.032 Thread 0x000001d1cc617480 Thread added: 0x000001d1cc617480
Event: 0.032 Thread 0x000001d1cc624070 Thread added: 0x000001d1cc624070
Event: 0.032 Thread 0x000001d1d0820090 Thread added: 0x000001d1d0820090
Event: 0.032 Thread 0x000001d1d0821a10 Thread added: 0x000001d1d0821a10
Event: 0.101 Thread 0x000001d1cc5e7430 Thread added: 0x000001d1cc5e7430
Event: 0.213 Thread 0x000001d1d0bdb630 Thread added: 0x000001d1d0bdb630
Event: 0.214 Thread 0x000001d1d0bdbb70 Thread added: 0x000001d1d0bdbb70
Event: 0.340 Thread 0x000001d1d0db0fd0 Thread added: 0x000001d1d0db0fd0
Event: 0.865 Thread 0x000001d1d183dc80 Thread added: 0x000001d1d183dc80
Event: 2.287 Thread 0x000001d1d1c611c0 Thread added: 0x000001d1d1c611c0
Event: 2.315 Thread 0x000001d1d1c611c0 Thread exited: 0x000001d1d1c611c0
Event: 2.359 Thread 0x000001d1d1e11760 Thread added: 0x000001d1d1e11760


Dynamic libraries:
0x00007ff7c28e0000 - 0x00007ff7c28f0000 	C:\Program Files\Java\jdk-19\bin\java.exe
0x00007ff92d360000 - 0x00007ff92d5c7000 	C:\WINDOWS\SYSTEM32\ntdll.dll
0x00007ff92c700000 - 0x00007ff92c7c9000 	C:\WINDOWS\System32\KERNEL32.DLL
0x00007ff92a9d0000 - 0x00007ff92adc0000 	C:\WINDOWS\System32\KERNELBASE.dll
0x00007ff92afa0000 - 0x00007ff92b0eb000 	C:\WINDOWS\System32\ucrtbase.dll
0x00007ff910b00000 - 0x00007ff910b1b000 	C:\Program Files\Java\jdk-19\bin\VCRUNTIME140.dll
0x00007ff90b5e0000 - 0x00007ff90b5f8000 	C:\Program Files\Java\jdk-19\bin\jli.dll
0x00007ff92c850000 - 0x00007ff92c904000 	C:\WINDOWS\System32\ADVAPI32.dll
0x00007ff92b510000 - 0x00007ff92b5b9000 	C:\WINDOWS\System32\msvcrt.dll
0x00007ff92b460000 - 0x00007ff92b506000 	C:\WINDOWS\System32\sechost.dll
0x00007ff92b7b0000 - 0x00007ff92b8c8000 	C:\WINDOWS\System32\RPCRT4.dll
0x00007ff92d150000 - 0x00007ff92d315000 	C:\WINDOWS\System32\USER32.dll
0x00007ff92a6c0000 - 0x00007ff92a6e7000 	C:\WINDOWS\System32\win32u.dll
0x00007ff911c80000 - 0x00007ff911f1a000 	C:\WINDOWS\WinSxS\amd64_microsoft.windows.common-controls_6595b64144ccf1df_6.0.26100.4768_none_3e0c112ce331287c\COMCTL32.dll
0x00007ff92c6a0000 - 0x00007ff92c6cb000 	C:\WINDOWS\System32\GDI32.dll
0x00007ff92ae60000 - 0x00007ff92af98000 	C:\WINDOWS\System32\gdi32full.dll
0x00007ff92a610000 - 0x00007ff92a6b3000 	C:\WINDOWS\System32\msvcp_win.dll
0x00007ff91c8d0000 - 0x00007ff91c8db000 	C:\WINDOWS\SYSTEM32\VERSION.dll
0x00007ff92b770000 - 0x00007ff92b79f000 	C:\WINDOWS\System32\IMM32.DLL
0x00007ff915d50000 - 0x00007ff915d5c000 	C:\Program Files\Java\jdk-19\bin\vcruntime140_1.dll
0x00007ff8f6600000 - 0x00007ff8f668e000 	C:\Program Files\Java\jdk-19\bin\msvcp140.dll
0x00007ff8a7e40000 - 0x00007ff8a8b00000 	C:\Program Files\Java\jdk-19\bin\server\jvm.dll
0x00007ff914090000 - 0x00007ff91409a000 	C:\WINDOWS\SYSTEM32\WSOCK32.dll
0x00007ff9164c0000 - 0x00007ff9164f5000 	C:\WINDOWS\SYSTEM32\WINMM.dll
0x00007ff92bec0000 - 0x00007ff92bf34000 	C:\WINDOWS\System32\WS2_32.dll
0x00007ff929210000 - 0x00007ff92922b000 	C:\WINDOWS\SYSTEM32\kernel.appcore.dll
0x00007ff915d20000 - 0x00007ff915d2a000 	C:\Program Files\Java\jdk-19\bin\jimage.dll
0x00007ff927430000 - 0x00007ff927671000 	C:\WINDOWS\SYSTEM32\DBGHELP.DLL
0x00007ff92ca10000 - 0x00007ff92cd95000 	C:\WINDOWS\System32\combase.dll
0x00007ff92c910000 - 0x00007ff92c9f0000 	C:\WINDOWS\System32\OLEAUT32.dll
0x00007ff90dfa0000 - 0x00007ff90dfe3000 	C:\WINDOWS\SYSTEM32\dbgcore.DLL
0x00007ff92a930000 - 0x00007ff92a9c9000 	C:\WINDOWS\System32\bcryptPrimitives.dll
0x00007ff902d20000 - 0x00007ff902d2e000 	C:\Program Files\Java\jdk-19\bin\instrument.dll
0x00007ff901260000 - 0x00007ff901286000 	C:\Program Files\Java\jdk-19\bin\java.dll
0x00007ff8f4e00000 - 0x00007ff8f4ed7000 	C:\Program Files\Java\jdk-19\bin\jsvml.dll
0x00007ff92bf50000 - 0x00007ff92c69d000 	C:\WINDOWS\System32\SHELL32.dll
0x00007ff92a490000 - 0x00007ff92a603000 	C:\WINDOWS\System32\wintypes.dll
0x00007ff928090000 - 0x00007ff9288f0000 	C:\WINDOWS\SYSTEM32\windows.storage.dll
0x00007ff92bdc0000 - 0x00007ff92beb5000 	C:\WINDOWS\System32\SHCORE.dll
0x00007ff92b3e0000 - 0x00007ff92b44a000 	C:\WINDOWS\System32\shlwapi.dll
0x00007ff92a3b0000 - 0x00007ff92a3d9000 	C:\WINDOWS\SYSTEM32\profapi.dll
0x00007ff904540000 - 0x00007ff904558000 	C:\Program Files\Java\jdk-19\bin\zip.dll
0x00007ff90b5a0000 - 0x00007ff90b5b3000 	C:\Program Files\Java\jdk-19\bin\net.dll
0x00007ff9245f0000 - 0x00007ff92470e000 	C:\WINDOWS\SYSTEM32\WINHTTP.dll
0x00007ff9297a0000 - 0x00007ff92980b000 	C:\WINDOWS\system32\mswsock.dll
0x00007ff904e50000 - 0x00007ff904e66000 	C:\Program Files\Java\jdk-19\bin\nio.dll
0x00007ff8faa00000 - 0x00007ff8faa1a000 	C:\Program Files\JetBrains\IntelliJ IDEA Educational Edition 2022.2.2\bin\breakgen64.dll
0x00007ff910b90000 - 0x00007ff910b98000 	C:\Program Files\Java\jdk-19\bin\extnet.dll

dbghelp: loaded successfully - version: 4.0.5 - missing functions: none
symbol engine: initialized successfully - sym options: 0x614 - pdb path: .;C:\Program Files\Java\jdk-19\bin;C:\WINDOWS\SYSTEM32;C:\WINDOWS\WinSxS\amd64_microsoft.windows.common-controls_6595b64144ccf1df_6.0.26100.4768_none_3e0c112ce331287c;C:\Program Files\Java\jdk-19\bin\server;C:\Program Files\JetBrains\IntelliJ IDEA Educational Edition 2022.2.2\bin

VM Arguments:
jvm_args: -javaagent:C:\Program Files\JetBrains\IntelliJ IDEA Educational Edition 2022.2.2\lib\idea_rt.jar=28557:C:\Program Files\JetBrains\IntelliJ IDEA Educational Edition 2022.2.2\bin -Dfile.encoding=UTF-8 -Dsun.stdout.encoding=UTF-8 -Dsun.stderr.encoding=UTF-8 
java_command: com.mohit.expense_backend.ExpenseBackendApplication
java_class_path (initial): C:\Users\satya\Desktop\Expense_Microservices\expense-backend\target\classes;C:\Users\satya\.m2\repository\org\springframework\boot\spring-boot-starter-data-jpa\3.5.4\spring-boot-starter-data-jpa-3.5.4.jar;C:\Users\satya\.m2\repository\org\springframework\boot\spring-boot-starter\3.5.4\spring-boot-starter-3.5.4.jar;C:\Users\satya\.m2\repository\org\springframework\boot\spring-boot\3.5.4\spring-boot-3.5.4.jar;C:\Users\satya\.m2\repository\org\springframework\boot\spring-boot-autoconfigure\3.5.4\spring-boot-autoconfigure-3.5.4.jar;C:\Users\satya\.m2\repository\org\springframework\boot\spring-boot-starter-logging\3.5.4\spring-boot-starter-logging-3.5.4.jar;C:\Users\satya\.m2\repository\ch\qos\logback\logback-classic\1.5.18\logback-classic-1.5.18.jar;C:\Users\satya\.m2\repository\ch\qos\logback\logback-core\1.5.18\logback-core-1.5.18.jar;C:\Users\satya\.m2\repository\org\apache\logging\log4j\log4j-to-slf4j\2.24.3\log4j-to-slf4j-2.24.3.jar;C:\Users\satya\.m2\repository\org\apache\logging\log4j\log4j-api\2.24.3\log4j-api-2.24.3.jar;C:\Users\satya\.m2\repository\org\slf4j\jul-to-slf4j\2.0.17\jul-to-slf4j-2.0.17.jar;C:\Users\satya\.m2\repository\jakarta\annotation\jakarta.annotation-api\2.1.1\jakarta.annotation-api-2.1.1.jar;C:\Users\satya\.m2\repository\org\yaml\snakeyaml\2.4\snakeyaml-2.4.jar;C:\Users\satya\.m2\repository\org\springframework\boot\spring-boot-starter-jdbc\3.5.4\spring-boot-starter-jdbc-3.5.4.jar;C:\Users\satya\.m2\repository\com\zaxxer\HikariCP\6.3.1\HikariCP-6.3.1.jar;C:\Users\satya\.m2\repository\org\springframework\spring-jdbc\6.2.9\spring-jdbc-6.2.9.jar;C:\Users\satya\.m2\repository\org\hibernate\orm\hibernate-core\6.6.22.Final\hibernate-core-6.6.22.Final.jar;C:\Users\satya\.m2\repository\jakarta\persistence\jakarta.persistence-api\3.1.0\jakarta.persistence-api-3.1.0.jar;C:\Users\satya\.m2\repository\jakarta\transaction\jakarta.transaction-api\2.0.1\jakarta.transaction-api-2.0.1.jar;C:\Users\satya\.m2\repository\org\jboss\logging\jboss-logging\3.6.1.Final\jboss-logging-3.6.1.Final.jar;C:\Users\satya\.m2\repository\org\hibernate\common\hibernate-commons-annotations\7.0.3.Final\hibernate-commons-annotations-7.0.3.Final.jar;C:\Users\satya\.m2\repository\io\smallrye\jandex\3.2.0\jandex-3.2.0.jar;C:\Users\satya\.m2\repository\com\fasterxml\classmate\1.7.0\classmate-1.7.0.jar;C:\Users\satya\.m2\repository\net\bytebuddy\byte-buddy\1.17.6\byte-buddy-1.17.6.jar;C:\Users\satya\.m2\repository\org\glassfish\jaxb\jaxb-runtime\4.0.5\jaxb-runtime-4.0.5.jar;C:\Users\satya\.m2\repository\org\glassfish\jaxb\jaxb-core\4.0.5\jaxb-core-4.0.5.jar;C:\Users\satya\.m2\repository\org\eclipse\angus\angus-activation\2.0.2\angus-activation-2.0.2.jar;C:\Users\satya\.m2\repository\org\glassfish\jaxb\txw2\4.0.5\txw2-4.0.5.jar;C:\Users\satya\.m2\repository\com\sun\istack\istack-commons-runtime\4.1.2\istack-commons-runtime-4.1.2.jar;C:\Users\satya\.m2\repository\jakarta\inject\jakarta.inject-api\2.0.1\jakarta.inject-api-2.0.1.jar;C:\Users\satya\.m2\repository\org\antlr\antlr4-runtime\4.13.0\antlr4-runtime-4.13.0.jar;C:\Users\satya\.m2\repository\org\springframework\data\spring-data-jpa\3.5.2\spring-data-jpa-3.5.2.jar;C:\Users\satya\.m2\repository\org\springframework\data\spring-data-commons\3.5.2\spring-data-commons-3.5.2.jar;C:\Users\satya\.m2\repository\org\springframework\spring-orm\6.2.9\spring-orm-6.2.9.jar;C:\Users\satya\.m2\repository\org\springframework\spring-context\6.2.9\spring-context-6.2.9.jar;C:\Users\satya\.m2\repository\org\springframework\spring-aop\6.2.9\spring-aop-6.2.9.jar;C:\Users\satya\.m2\repository\org\springframework\spring-tx\6.2.9\spring-tx-6.2.9.jar;C:\Users\satya\.m2\repository\org\springframework\spring-beans\6.2.9\spring-beans-6.2.9.jar;C:\Users\satya\.m2\repository\org\slf4j\slf4j-api\2.0.17\slf4j-api-2.0.17.jar;C:\Users\satya\.m2\repository\org\springframework\spring-aspects\6.2.9\spring-aspects-6.2.9.jar;C:\Users\satya\.m2\repository\org\aspectj\aspectjweaver\1.9.24\aspectjweaver-1.9.24.jar;C:\Users\satya\.m2\repository\org\springframework\boot\spring-boot-starter-validation\3.5.4\spring-boot-starter-validation-3.5.4.jar;C:\Users\satya\.m2\repository\org\apache\tomcat\embed\tomcat-embed-el\10.1.43\tomcat-embed-el-10.1.43.jar;C:\Users\satya\.m2\repository\org\hibernate\validator\hibernate-validator\8.0.2.Final\hibernate-validator-8.0.2.Final.jar;C:\Users\satya\.m2\repository\jakarta\validation\jakarta.validation-api\3.0.2\jakarta.validation-api-3.0.2.jar;C:\Users\satya\.m2\repository\org\springframework\boot\spring-boot-starter-web\3.5.4\spring-boot-starter-web-3.5.4.jar;C:\Users\satya\.m2\repository\org\springframework\boot\spring-boot-starter-json\3.5.4\spring-boot-starter-json-3.5.4.jar;C:\Users\satya\.m2\repository\com\fasterxml\jackson\core\jackson-databind\2.19.2\jackson-databind-2.19.2.jar;C:\Users\satya\.m2\repository\com\fasterxml\jackson\core\jackson-annotations\2.19.2\jackson-annotations-2.19.2.jar;C:\Users\satya\.m2\repository\com\fasterxml\jackson\core\jackson-core\2.19.2\jackson-core-2.19.2.jar;C:\Users\satya\.m2\repository\com\fasterxml\jackson\datatype\jackson-datatype-jdk8\2.19.2\jackson-datatype-jdk8-2.19.2.jar;C:\Users\satya\.m2\repository\com\fasterxml\jackson\datatype\jackson-datatype-jsr310\2.19.2\jackson-datatype-jsr310-2.19.2.jar;C:\Users\satya\.m2\repository\com\fasterxml\jackson\module\jackson-module-parameter-names\2.19.2\jackson-module-parameter-names-2.19.2.jar;C:\Users\satya\.m2\repository\org\springframework\boot\spring-boot-starter-tomcat\3.5.4\spring-boot-starter-tomcat-3.5.4.jar;C:\Users\satya\.m2\repository\org\apache\tomcat\embed\tomcat-embed-core\10.1.43\tomcat-embed-core-10.1.43.jar;C:\Users\satya\.m2\repository\org\apache\tomcat\embed\tomcat-embed-websocket\10.1.43\tomcat-embed-websocket-10.1.43.jar;C:\Users\satya\.m2\repository\org\springframework\spring-web\6.2.9\spring-web-6.2.9.jar;C:\Users\satya\.m2\repository\io\micrometer\micrometer-observation\1.15.2\micrometer-observation-1.15.2.jar;C:\Users\satya\.m2\repository\io\micrometer\micrometer-commons\1.15.2\micrometer-commons-1.15.2.jar;C:\Users\satya\.m2\repository\org\springframework\spring-webmvc\6.2.9\spring-webmvc-6.2.9.jar;C:\Users\satya\.m2\repository\org\springframework\spring-expression\6.2.9\spring-expression-6.2.9.jar;C:\Users\satya\.m2\repository\com\mysql\mysql-connector-j\9.3.0\mysql-connector-j-9.3.0.jar;C:\Users\satya\.m2\repository\org\projectlombok\lombok\1.18.38\lombok-1.18.38.jar;C:\Users\satya\.m2\repository\jakarta\xml\bind\jakarta.xml.bind-api\4.0.2\jakarta.xml.bind-api-4.0.2.jar;C:\Users\satya\.m2\repository\jakarta\activation\jakarta.activation-api\2.1.3\jakarta.activation-api-2.1.3.jar;C:\Users\satya\.m2\repository\org\springframework\spring-core\6.2.9\spring-core-6.2.9.jar;C:\Users\satya\.m2\repository\org\springframework\spring-jcl\6.2.9\spring-jcl-6.2.9.jar
Launcher Type: SUN_STANDARD

[Global flags]
     intx CICompilerCount                          = 4                                         {product} {ergonomic}
     uint ConcGCThreads                            = 2                                         {product} {ergonomic}
     uint G1ConcRefinementThreads                  = 8                                         {product} {ergonomic}
   size_t G1HeapRegionSize                         = 2097152                                   {product} {ergonomic}
    uintx GCDrainStackTargetSize                   = 64                                        {product} {ergonomic}
   size_t InitialHeapSize                          = 266338304                                 {product} {ergonomic}
   size_t MarkStackSize                            = 4194304                                   {product} {ergonomic}
   size_t MaxHeapSize                              = 4238344192                                {product} {ergonomic}
   size_t MaxNewSize                               = 2541748224                                {product} {ergonomic}
   size_t MinHeapDeltaBytes                        = 2097152                                   {product} {ergonomic}
   size_t MinHeapSize                              = 8388608                                   {product} {ergonomic}
    uintx NonNMethodCodeHeapSize                   = 5839372                                {pd product} {ergonomic}
    uintx NonProfiledCodeHeapSize                  = 122909434                              {pd product} {ergonomic}
    uintx ProfiledCodeHeapSize                     = 122909434                              {pd product} {ergonomic}
    uintx ReservedCodeCacheSize                    = 251658240                              {pd product} {ergonomic}
     bool SegmentedCodeCache                       = true                                      {product} {ergonomic}
   size_t SoftMaxHeapSize                          = 4238344192                             {manageable} {ergonomic}
     bool UseCompressedClassPointers               = true                           {product lp64_product} {ergonomic}
     bool UseCompressedOops                        = true                           {product lp64_product} {ergonomic}
     bool UseG1GC                                  = true                                      {product} {ergonomic}
     bool UseLargePagesIndividualAllocation        = false                                  {pd product} {ergonomic}

Logging:
Log output configuration:
 #0: stdout all=warning uptime,level,tags foldmultilines=false
 #1: stderr all=off uptime,level,tags foldmultilines=false

Environment Variables:
JAVA_HOME=C:\Program Files\Java\jdk-19
CLASSPATH=C:\Program Files (x86)\MySQL\Connector J 8.0\mysql-connector-java-8.0.30.jar;.;
PATH=C:\Python313\Scripts\;C:\Python313\;C:\Program Files (x86)\VMware\VMware Workstation\bin\;C:\WINDOWS\system32;C:\WINDOWS;C:\WINDOWS\System32\Wbem;C:\WINDOWS\System32\WindowsPowerShell\v1.0\;C:\WINDOWS\System32\OpenSSH\;C:\Program Files\dotnet\;C:\Program Files\JetBrains\IntelliJ IDEA Educational Edition 2022.2.2\plugins\maven\lib\maven3\bin;C:\Program Files\PuTTY\;C:\Program Files\Microsoft SQL Server\150\Tools\Binn\;C:\Users\satya\AppData\Local\Programs\Python\Python312\Scripts;C:\Users\satya\AppData\Local\Programs\Python\Python312;C:\Program Files\nodejs\;C:\ProgramData\chocolatey\bin;C:\Program Files\Git\cmd;C:\Users\satya\AppData\Local\Programs\Python\Launcher\;C:\Users\satya\AppData\Local\Microsoft\WindowsApps;C:\Users\satya\AppData\Local\Programs\Microsoft VS Code\bin;C:\Program Files\JetBrains\IntelliJ IDEA Educational Edition 2022.2.2\bin;;C:\Program Files\Java\jdk-19\bin;C:\Users\satya\Desktop\C instal\bin;C:\Users\satya\AppData\Local\Programs\cursor\resources\app\bin;C:\Users\satya\AppData\Local\GitHubDesktop\bin;C:\Users\satya\AppData\Roaming\npm;C:\Program Files\Notepad++\notepad++.exe;C:\Program Files\Notepad++;
USERNAME=satya
OS=Windows_NT
PROCESSOR_IDENTIFIER=Intel64 Family 6 Model 140 Stepping 2, GenuineIntel
TMP=C:\Users\satya\AppData\Local\Temp
TEMP=C:\Users\satya\AppData\Local\Temp



---------------  S Y S T E M  ---------------

OS:
 Windows 11 , 64 bit Build 26100 (10.0.26100.4768)
OS uptime: 6 days 23:25 hours

CPU: total 8 (initial active 8) (4 cores per cpu, 2 threads per core) family 6 model 140 stepping 2 microcode 0x26, cx8, cmov, fxsr, ht, mmx, 3dnowpref, sse, sse2, sse3, ssse3, sse4.1, sse4.2, popcnt, lzcnt, tsc, tscinvbit, avx, avx2, aes, erms, clmul, bmi1, bmi2, adx, avx512f, avx512dq, avx512cd, avx512bw, avx512vl, sha, fma, vzeroupper, avx512_vpopcntdq, avx512_vpclmulqdq, avx512_vaes, avx512_vnni, clflush, clflushopt, clwb, avx512_vbmi2, avx512_vbmi, rdtscp, rdpid, fsrm, gfni, avx512_bitalg

Memory: 4k page, system-wide physical 16167M (1763M free)
TotalPageFile size 24359M (AvailPageFile size 13M)
current process WorkingSet (physical memory assigned to process): 144M, peak: 144M
current process commit charge ("private bytes"): 403M, peak: 404M

vm_info: Java HotSpot(TM) 64-Bit Server VM (19+36-2238) for windows-amd64 JRE (19+36-2238), built on 2022-08-12T20:29:01Z by "mach5one" with MS VC++ 17.1 (VS2022)

END.
